<?xml version="1.0" encoding="UTF-8"?>
<!-- Generated by org.testng.reporters.JUnitReportReporter -->
<testsuite ignored="0" hostname="ustjava87" failures="0" tests="1" name="com.experitest.auto.IOSDemoTest" time="9.795" errors="0" timestamp="08 Nov 2021 12:01:10 GMT" skipped="0">
  <testcase classname="com.experitest.auto.IOSDemoTest" name="test" time="9.795"/>
</testsuite> <!-- com.experitest.auto.IOSDemoTest -->
